<?xml version="1.0" encoding="UTF-8"?>
<!-- Generated by org.testng.reporters.JUnitReportReporter -->
<testsuite hostname="DESKTOP-0QIDVL8" failures="0" tests="1" name="com.google.page.GoogleSearchPage" time="5.125" errors="0" timestamp="2022-08-28T12:13:43 IST" skipped="0">
  <testcase classname="com.google.page.GoogleSearchPage" name="search" time="5.125"/>
  <system-out/>
</testsuite> <!-- com.google.page.GoogleSearchPage -->
